<?xml version="1.0" encoding="UTF-8"?>
<testsuite name="com.bridgelabz.MoodAnalyserTest" tests="1" skipped="0" failures="0" errors="0" timestamp="2021-05-29T18:25:21" hostname="DESKTOP-T79M02P" time="0.001">
  <properties/>
  <testcase name="TestCase2Repete" classname="com.bridgelabz.MoodAnalyserTest" time="0.001"/>
  <system-out><![CDATA[]]></system-out>
  <system-err><![CDATA[]]></system-err>
</testsuite>
