<?xml version="1.0" encoding="UTF-8"?>
<testsuite name="com.bridgelabz.MoodAnalyserTest" tests="1" skipped="0" failures="0" errors="0" timestamp="2021-05-30T05:57:10" hostname="DESKTOP-T79M02P" time="0.007">
  <properties/>
  <testcase name="TestCase2" classname="com.bridgelabz.MoodAnalyserTest" time="0.007"/>
  <system-out><![CDATA[Test Pass
]]></system-out>
  <system-err><![CDATA[]]></system-err>
</testsuite>
